
  .   ____          _            __ _ _
 /\\ / ___'_ __ _ _(_)_ __  __ _ \ \ \ \
( ( )\___ | '_ | '_| | '_ \/ _` | \ \ \ \
 \\/  ___)| |_)| | | | | || (_| |  ) ) ) )
  '  |____| .__|_| |_|_| |_\__, | / / / /
 =========|_|==============|___/=/_/_/_/
 :: Spring Boot ::                (v3.2.0)

2025-10-05T21:32:30.632+01:00  INFO 19180 --- [api-monitoring-dashboard] [           main] c.e.monitoring.MonitoringApplication     : Starting MonitoringApplication using Java 17.0.14 with PID 19180 (/Users/xmacx/Downloads/backend5-FINAL-WORKING-v2/backend5-FINAL-WORKING/target/api-monitoring-dashboard-1.0.0.jar started by xmacx in /Users/xmacx/Downloads/backend5-FINAL-WORKING-v2/backend5-FINAL-WORKING)
2025-10-05T21:32:30.634+01:00  INFO 19180 --- [api-monitoring-dashboard] [           main] c.e.monitoring.MonitoringApplication     : No active profile set, falling back to 1 default profile: "default"
2025-10-05T21:32:31.566+01:00  INFO 19180 --- [api-monitoring-dashboard] [           main] o.s.b.w.embedded.tomcat.TomcatWebServer  : Tomcat initialized with port 8080 (http)
2025-10-05T21:32:31.575+01:00  INFO 19180 --- [api-monitoring-dashboard] [           main] o.apache.catalina.core.StandardService   : Starting service [Tomcat]
2025-10-05T21:32:31.575+01:00  INFO 19180 --- [api-monitoring-dashboard] [           main] o.apache.catalina.core.StandardEngine    : Starting Servlet engine: [Apache Tomcat/10.1.16]
2025-10-05T21:32:31.594+01:00  INFO 19180 --- [api-monitoring-dashboard] [           main] o.a.c.c.C.[Tomcat].[localhost].[/]       : Initializing Spring embedded WebApplicationContext
2025-10-05T21:32:31.595+01:00  INFO 19180 --- [api-monitoring-dashboard] [           main] w.s.c.ServletWebServerApplicationContext : Root WebApplicationContext: initialization completed in 898 ms
2025-10-05T21:32:31.680+01:00  INFO 19180 --- [api-monitoring-dashboard] [           main] com.zaxxer.hikari.HikariDataSource       : HikariPool-1 - Starting...
2025-10-05T21:32:35.546+01:00  INFO 19180 --- [api-monitoring-dashboard] [           main] com.zaxxer.hikari.pool.HikariPool        : HikariPool-1 - Added connection org.postgresql.jdbc.PgConnection@5d2a86c0
2025-10-05T21:32:35.549+01:00  INFO 19180 --- [api-monitoring-dashboard] [           main] com.zaxxer.hikari.HikariDataSource       : HikariPool-1 - Start completed.
2025-10-05T21:32:36.707+01:00  WARN 19180 --- [api-monitoring-dashboard] [           main] .s.s.UserDetailsServiceAutoConfiguration : 

Using generated security password: a2913391-1b90-4699-b7d0-0df523778e9b

This generated password is for development use only. Your security configuration must be updated before running your application in production.

2025-10-05T21:32:36.747+01:00  INFO 19180 --- [api-monitoring-dashboard] [           main] o.s.b.a.w.s.WelcomePageHandlerMapping    : Adding welcome page: class path resource [static/index.html]
2025-10-05T21:32:36.844+01:00  INFO 19180 --- [api-monitoring-dashboard] [           main] o.s.b.a.e.web.EndpointLinksResolver      : Exposing 2 endpoint(s) beneath base path '/actuator'
2025-10-05T21:32:36.863+01:00  INFO 19180 --- [api-monitoring-dashboard] [           main] o.s.s.web.DefaultSecurityFilterChain     : Will secure any request with [org.springframework.security.web.session.DisableEncodeUrlFilter@1b444b5, org.springframework.security.web.context.request.async.WebAsyncManagerIntegrationFilter@459bf87c, org.springframework.security.web.context.SecurityContextHolderFilter@4387d2f4, org.springframework.security.web.header.HeaderWriterFilter@717a8a76, org.springframework.web.filter.CorsFilter@5ae66c98, org.springframework.security.web.authentication.logout.LogoutFilter@2e93108a, org.springframework.security.web.savedrequest.RequestCacheAwareFilter@93ce24d, org.springframework.security.web.servletapi.SecurityContextHolderAwareRequestFilter@d949bc4, org.springframework.security.web.authentication.AnonymousAuthenticationFilter@1aaf46e6, org.springframework.security.web.session.SessionManagementFilter@1c7843c3, org.springframework.security.web.access.ExceptionTranslationFilter@7573c7b5, org.springframework.security.web.access.intercept.AuthorizationFilter@70d687b8]
2025-10-05T21:32:36.981+01:00  INFO 19180 --- [api-monitoring-dashboard] [           main] o.s.b.w.embedded.tomcat.TomcatWebServer  : Tomcat started on port 8080 (http) with context path ''
2025-10-05T21:32:36.994+01:00  INFO 19180 --- [api-monitoring-dashboard] [           main] c.e.monitoring.MonitoringApplication     : Started MonitoringApplication in 6.605 seconds (process running for 7.026)
Connected to database: PostgreSQL 17.4
PostgreSQL database validation successful
2025-10-05T21:32:41.488+01:00  INFO 19180 --- [api-monitoring-dashboard] [nio-8080-exec-1] o.a.c.c.C.[Tomcat].[localhost].[/]       : Initializing Spring DispatcherServlet 'dispatcherServlet'
2025-10-05T21:32:41.488+01:00  INFO 19180 --- [api-monitoring-dashboard] [nio-8080-exec-1] o.s.web.servlet.DispatcherServlet        : Initializing Servlet 'dispatcherServlet'
2025-10-05T21:32:41.513+01:00  INFO 19180 --- [api-monitoring-dashboard] [nio-8080-exec-1] o.s.web.servlet.DispatcherServlet        : Completed initialization in 24 ms
2025-10-05T21:32:41.583+01:00  WARN 19180 --- [api-monitoring-dashboard] [nio-8080-exec-1] o.s.w.s.h.HandlerMappingIntrospector     : Cache miss for REQUEST dispatch to '/api/data/projects' (previous null). Performing MatchableHandlerMapping lookup. This is logged once only at WARN level, and every time at TRACE.
2025-10-05T21:32:42.328+01:00 ERROR 19180 --- [api-monitoring-dashboard] [nio-8080-exec-1] i.n.r.d.DnsServerAddressStreamProviders  : Unable to load io.netty.resolver.dns.macos.MacOSDnsServerAddressStreamProvider, fallback to system defaults. This may result in incorrect DNS resolutions on MacOS. Check whether you have a dependency on 'io.netty:netty-resolver-dns-native-macos'. Use DEBUG level to see the full stack: java.lang.UnsatisfiedLinkError: failed to load the required native library
🔄 Version Change Detected - API ID: 3, Environment: UAT, 0.0.0 → 1.1.0 (initial)
🔄 Version Change Detected - API ID: 2, Environment: OAT, 0.0.0 → 1.2.0 (initial)
🔄 Version Change Detected - API ID: 1, Environment: PROD, 0.0.0 → 1.3.0 (initial)
🔄 Version Change Detected - API ID: 4, Environment: DEV, 0.0.0 → 1.0.0 (initial)
